[debug] [2021-04-01T08:58:46.687Z] ----------------------------------------------------------------------
[debug] [2021-04-01T08:58:46.689Z] Command:       C:\Program Files\nodejs\node.exe C:\Users\Arafin Ahmed\AppData\Roaming\npm\node_modules\firebase-tools\lib\bin\firebase.js deploy
[debug] [2021-04-01T08:58:46.689Z] CLI Version:   9.8.0
[debug] [2021-04-01T08:58:46.689Z] Platform:      win32
[debug] [2021-04-01T08:58:46.689Z] Node Version:  v12.16.1
[debug] [2021-04-01T08:58:46.690Z] Time:          Thu Apr 01 2021 14:58:46 GMT+0600 (Bangladesh Standard Time)
[debug] [2021-04-01T08:58:46.690Z] ----------------------------------------------------------------------
[debug] 
[debug] [2021-04-01T08:58:46.692Z] >>> [apiv2][query] GET https://firebase-public.firebaseio.com/cli.json [none]
[debug] [2021-04-01T08:58:46.715Z] > command requires scopes: ["email","openid","https://www.googleapis.com/auth/cloudplatformprojects.readonly","https://www.googleapis.com/auth/firebase","https://www.googleapis.com/auth/cloud-platform"]
[debug] [2021-04-01T08:58:46.716Z] > authorizing via signed-in user
[debug] [2021-04-01T08:58:46.716Z] [iam] checking project bd-food-96fdc for permissions ["firebase.projects.get","firebasehosting.sites.update"]
[debug] [2021-04-01T08:58:46.717Z] > refreshing access token with scopes: ["email","https://www.googleapis.com/auth/cloud-platform","https://www.googleapis.com/auth/cloudplatformprojects.readonly","https://www.googleapis.com/auth/firebase","openid"]
[debug] [2021-04-01T08:58:46.717Z] >>> HTTP REQUEST POST https://www.googleapis.com/oauth2/v3/token  
 <request body omitted>
[debug] [2021-04-01T08:58:47.816Z] <<< HTTP RESPONSE 200 {"pragma":"no-cache","expires":"Mon, 01 Jan 1990 00:00:00 GMT","date":"Thu, 01 Apr 2021 08:58:47 GMT","cache-control":"no-cache, no-store, max-age=0, must-revalidate","content-type":"application/json; charset=utf-8","vary":"X-Origin, Referer, Origin,Accept-Encoding","server":"scaffolding on HTTPServer2","x-xss-protection":"0","x-frame-options":"SAMEORIGIN","x-content-type-options":"nosniff","alt-svc":"h3-29=\":443\"; ma=2592000,h3-T051=\":443\"; ma=2592000,h3-Q050=\":443\"; ma=2592000,h3-Q046=\":443\"; ma=2592000,h3-Q043=\":443\"; ma=2592000,quic=\":443\"; ma=2592000; v=\"46,43\"","accept-ranges":"none","transfer-encoding":"chunked"}
[debug] [2021-04-01T08:58:47.849Z] >>> HTTP REQUEST POST https://cloudresourcemanager.googleapis.com/v1/projects/bd-food-96fdc:testIamPermissions  
 {"permissions":["firebase.projects.get","firebasehosting.sites.update"]}
[debug] [2021-04-01T08:58:48.410Z] <<< [apiv2][status] GET https://firebase-public.firebaseio.com/cli.json 200
[debug] [2021-04-01T08:58:48.411Z] <<< [apiv2][body] GET https://firebase-public.firebaseio.com/cli.json {"cloudBuildErrorAfter":1594252800000,"cloudBuildWarnAfter":1590019200000,"defaultNode10After":1594252800000,"minVersion":"3.0.5","node8DeploysDisabledAfter":1613390400000,"node8RuntimeDisabledAfter":1615809600000,"node8WarnAfter":1600128000000}
[debug] [2021-04-01T08:58:49.423Z] <<< HTTP RESPONSE 200 {"content-type":"application/json; charset=UTF-8","vary":"X-Origin, Referer, Origin,Accept-Encoding","date":"Thu, 01 Apr 2021 08:58:49 GMT","server":"ESF","cache-control":"private","x-xss-protection":"0","x-frame-options":"SAMEORIGIN","x-content-type-options":"nosniff","server-timing":"gfet4t7; dur=1048","alt-svc":"h3-29=\":443\"; ma=2592000,h3-T051=\":443\"; ma=2592000,h3-Q050=\":443\"; ma=2592000,h3-Q046=\":443\"; ma=2592000,h3-Q043=\":443\"; ma=2592000,quic=\":443\"; ma=2592000; v=\"46,43\"","accept-ranges":"none","transfer-encoding":"chunked"}
[debug] [2021-04-01T08:58:49.425Z] > refreshing access token with scopes: []
[debug] [2021-04-01T08:58:49.425Z] >>> HTTP REQUEST POST https://www.googleapis.com/oauth2/v3/token  
 <request body omitted>
[debug] [2021-04-01T08:58:49.783Z] <<< HTTP RESPONSE 200 {"expires":"Mon, 01 Jan 1990 00:00:00 GMT","cache-control":"no-cache, no-store, max-age=0, must-revalidate","pragma":"no-cache","date":"Thu, 01 Apr 2021 08:58:49 GMT","content-type":"application/json; charset=utf-8","vary":"X-Origin, Referer, Origin,Accept-Encoding","server":"scaffolding on HTTPServer2","x-xss-protection":"0","x-frame-options":"SAMEORIGIN","x-content-type-options":"nosniff","alt-svc":"h3-29=\":443\"; ma=2592000,h3-T051=\":443\"; ma=2592000,h3-Q050=\":443\"; ma=2592000,h3-Q046=\":443\"; ma=2592000,h3-Q043=\":443\"; ma=2592000,quic=\":443\"; ma=2592000; v=\"46,43\"","accept-ranges":"none","transfer-encoding":"chunked"}
[debug] [2021-04-01T08:58:49.795Z] >>> [apiv2][query] GET https://firebase.googleapis.com/v1beta1/projects/bd-food-96fdc [none]
[debug] [2021-04-01T08:58:50.427Z] <<< [apiv2][status] GET https://firebase.googleapis.com/v1beta1/projects/bd-food-96fdc 200
[debug] [2021-04-01T08:58:50.427Z] <<< [apiv2][body] GET https://firebase.googleapis.com/v1beta1/projects/bd-food-96fdc {"projectId":"bd-food-96fdc","projectNumber":"875240165828","displayName":"bd-food","name":"projects/bd-food-96fdc","resources":{"hostingSite":"bd-food-96fdc"},"state":"ACTIVE"}
[info] 
[info] === Deploying to 'bd-food-96fdc'...
[info] 
[info] i  deploying hosting 
[debug] [2021-04-01T08:58:50.431Z] > refreshing access token with scopes: ["email","https://www.googleapis.com/auth/cloud-platform","https://www.googleapis.com/auth/cloudplatformprojects.readonly","https://www.googleapis.com/auth/firebase","openid"]
[debug] [2021-04-01T08:58:50.432Z] >>> HTTP REQUEST POST https://www.googleapis.com/oauth2/v3/token  
 <request body omitted>
[debug] [2021-04-01T08:58:50.771Z] <<< HTTP RESPONSE 200 {"pragma":"no-cache","date":"Thu, 01 Apr 2021 08:58:50 GMT","expires":"Mon, 01 Jan 1990 00:00:00 GMT","cache-control":"no-cache, no-store, max-age=0, must-revalidate","content-type":"application/json; charset=utf-8","vary":"X-Origin, Referer, Origin,Accept-Encoding","server":"scaffolding on HTTPServer2","x-xss-protection":"0","x-frame-options":"SAMEORIGIN","x-content-type-options":"nosniff","alt-svc":"h3-29=\":443\"; ma=2592000,h3-T051=\":443\"; ma=2592000,h3-Q050=\":443\"; ma=2592000,h3-Q046=\":443\"; ma=2592000,h3-Q043=\":443\"; ma=2592000,quic=\":443\"; ma=2592000; v=\"46,43\"","accept-ranges":"none","transfer-encoding":"chunked"}
[debug] [2021-04-01T08:58:50.782Z] >>> HTTP REQUEST POST https://firebasehosting.googleapis.com/v1beta1/sites/bd-food-96fdc/versions  
 {"config":{},"labels":{"deployment-tool":"cli-firebase"}}
[debug] [2021-04-01T08:58:52.620Z] <<< HTTP RESPONSE 200 {"content-type":"application/json; charset=UTF-8","vary":"X-Origin, Referer, Origin,Accept-Encoding","date":"Thu, 01 Apr 2021 08:58:52 GMT","server":"ESF","cache-control":"private","x-xss-protection":"0","x-frame-options":"SAMEORIGIN","x-content-type-options":"nosniff","alt-svc":"h3-29=\":443\"; ma=2592000,h3-T051=\":443\"; ma=2592000,h3-Q050=\":443\"; ma=2592000,h3-Q046=\":443\"; ma=2592000,h3-Q043=\":443\"; ma=2592000,quic=\":443\"; ma=2592000; v=\"46,43\"","accept-ranges":"none","transfer-encoding":"chunked"}
[info] i  hosting[bd-food-96fdc]: beginning deploy... 
[info] i  hosting[bd-food-96fdc]: found 21 files in build 
[debug] [2021-04-01T08:58:52.704Z] > refreshing access token with scopes: []
[debug] [2021-04-01T08:58:52.704Z] >>> HTTP REQUEST POST https://www.googleapis.com/oauth2/v3/token  
 <request body omitted>
[debug] [2021-04-01T08:58:52.705Z] [hosting] hash cache [YnVpbGQ] stored for 21 files
[debug] [2021-04-01T08:58:52.706Z] [hosting][hash queue][FINAL] {"max":2,"min":1,"avg":1,"active":0,"complete":21,"success":21,"errored":0,"retried":0,"total":21,"elapsed":4}
[debug] [2021-04-01T08:58:53.141Z] <<< HTTP RESPONSE 200 {"date":"Thu, 01 Apr 2021 08:58:53 GMT","pragma":"no-cache","expires":"Mon, 01 Jan 1990 00:00:00 GMT","cache-control":"no-cache, no-store, max-age=0, must-revalidate","content-type":"application/json; charset=utf-8","vary":"X-Origin, Referer, Origin,Accept-Encoding","server":"scaffolding on HTTPServer2","x-xss-protection":"0","x-frame-options":"SAMEORIGIN","x-content-type-options":"nosniff","alt-svc":"h3-29=\":443\"; ma=2592000,h3-T051=\":443\"; ma=2592000,h3-Q050=\":443\"; ma=2592000,h3-Q046=\":443\"; ma=2592000,h3-Q043=\":443\"; ma=2592000,quic=\":443\"; ma=2592000; v=\"46,43\"","accept-ranges":"none","transfer-encoding":"chunked"}
[debug] [2021-04-01T08:58:53.158Z] >>> [apiv2][query] POST https://firebasehosting.googleapis.com/v1beta1/sites/bd-food-96fdc/versions/cf5d7df28be03b03:populateFiles [none]
[debug] [2021-04-01T08:58:53.158Z] >>> [apiv2][body] POST https://firebasehosting.googleapis.com/v1beta1/sites/bd-food-96fdc/versions/cf5d7df28be03b03:populateFiles {"files":{"/asset-manifest.json":"b0309b835abaa60ac44e7ad8dfc1c5fa379336f53ae3c1624d8d61d81b94adb5","/favicon.ico":"eae62e993eb980ec8a25058c39d5a51feab118bd2100c4deebb2a9c158ec11f9","/index.html":"878686a1d552d485777c9bbefbb6f8f56db0e048a2957ea784c27f22daba0895","/logo192.png":"3ee59515172ee198f3be375979df15ac5345183e656720a381b8872b2a39dc8b","/logo512.png":"ee7e2f3fdb8209c4b6fd7bef6ba50d1b9dba30a25bb5c3126df057e1cb6f5331","/manifest.json":"aff3449bdc238776f5d6d967f19ec491b36aed5fb7f23ccff6500736fd58494a","/robots.txt":"bfe106a3fb878dc83461c86818bf74fc1bdc7f28538ba613cd3e775516ce8b49","/_redirects":"8c6cdc7af99b75cad6667c1ce6fc90b35677c777315f324d87e6a468316b2e44","/static/css/2.4c97ca4f.chunk.css":"7e6538a6f0fc738a788c03a9cee1861c42fe2f29017e5026cb867636b24dcf77","/static/css/2.4c97ca4f.chunk.css.map":"a70eaab29a7c2121a70e08850c01f71611bdc0c137e6a4b349704641c33af035","/static/css/main.89e90737.chunk.css":"025e16186d72364e571307fee9134102ff74df9a1df3d40d1a8b5c51dd57aadb","/static/css/main.89e90737.chunk.css.map":"7badad68b8da5eb30c22e1263a747790b4ce6863ff75bb540b57238f89e25a20","/static/js/2.bce536fd.chunk.js":"27537e8813a0b11442d59f0eda7d637bf44ab5ef50002fab2fd7fa26a5ac126d","/static/js/2.bce536fd.chunk.js.LICENSE.txt":"e5c4339d3903e5ca912e383987dc04f313311d24d5373357f0008a64ae04cb64","/static/js/2.bce536fd.chunk.js.map":"d566ea2bb328ba76124c19a8803c90df296e69d5756627e6f1a7b824e66c1872","/static/js/3.a88c5638.chunk.js":"0092818a0769393633cc68cb666b415607f8464fb826a5b0f2e53fa8f9cec3fd","/static/js/3.a88c5638.chunk.js.map":"a463a86c63e50c3c407a3a5c17fd9362605aacef80134a029de0da3c288a6531","/static/js/main.0362cccf.chunk.js":"f3ad096dc1bea03b5db6dd19262bbda590b1f015bdfd0d247d4dfbb25822ba99","/static/js/main.0362cccf.chunk.js.map":"caff4c29a8cafb78b3ef3823a8eb96963a78c64b9fc96aee5d905456da476d78","/static/js/runtime-main.a8d96d25.js":"3fbc9c221fa8c1b46e51c472a00988d54eb5ca8af9de288c13e3a7e5a6af79cb","/static/js/runtime-main.a8d96d25.js.map":"c27680bf8a3ce90a6f57016f8a2d5e932b5bc208ed2dccb35e8e71804250d271"}}
[debug] [2021-04-01T08:58:55.364Z] <<< [apiv2][status] POST https://firebasehosting.googleapis.com/v1beta1/sites/bd-food-96fdc/versions/cf5d7df28be03b03:populateFiles 200
[debug] [2021-04-01T08:58:55.364Z] <<< [apiv2][body] POST https://firebasehosting.googleapis.com/v1beta1/sites/bd-food-96fdc/versions/cf5d7df28be03b03:populateFiles {"uploadUrl":"https://upload-firebasehosting.googleapis.com/upload/sites/bd-food-96fdc/versions/cf5d7df28be03b03/files"}
[debug] [2021-04-01T08:58:55.364Z] [hosting][populate queue][FINAL] {"max":2660,"min":2660,"avg":2660,"active":0,"complete":1,"success":1,"errored":0,"retried":0,"total":1,"elapsed":2660}
[debug] [2021-04-01T08:58:55.364Z] [hosting] uploads queued: 0
[debug] [2021-04-01T08:58:55.365Z] [hosting][upload queue][FINAL] {"max":0,"min":9999999999,"avg":0,"active":0,"complete":0,"success":0,"errored":0,"retried":0,"total":0,"elapsed":1617267535365}
[info] +  hosting[bd-food-96fdc]: file upload complete 
[debug] [2021-04-01T08:58:55.366Z] [hosting] deploy completed after 2744ms
[debug] [2021-04-01T08:58:56.962Z] [
  {
    "config": {
      "public": "build",
      "ignore": [
        "firebase.json",
        "**/.*",
        "**/node_modules/**"
      ],
      "site": "bd-food-96fdc"
    },
    "site": "bd-food-96fdc",
    "version": "sites/bd-food-96fdc/versions/cf5d7df28be03b03"
  }
]
[info] i  hosting[bd-food-96fdc]: finalizing version... 
[debug] [2021-04-01T08:58:56.964Z] > refreshing access token with scopes: ["email","https://www.googleapis.com/auth/cloud-platform","https://www.googleapis.com/auth/cloudplatformprojects.readonly","https://www.googleapis.com/auth/firebase","openid"]
[debug] [2021-04-01T08:58:56.964Z] >>> HTTP REQUEST POST https://www.googleapis.com/oauth2/v3/token  
 <request body omitted>
[debug] [2021-04-01T08:58:57.578Z] <<< HTTP RESPONSE 200 {"expires":"Mon, 01 Jan 1990 00:00:00 GMT","cache-control":"no-cache, no-store, max-age=0, must-revalidate","pragma":"no-cache","date":"Thu, 01 Apr 2021 08:58:57 GMT","content-type":"application/json; charset=utf-8","vary":"X-Origin, Referer, Origin,Accept-Encoding","server":"scaffolding on HTTPServer2","x-xss-protection":"0","x-frame-options":"SAMEORIGIN","x-content-type-options":"nosniff","alt-svc":"h3-29=\":443\"; ma=2592000,h3-T051=\":443\"; ma=2592000,h3-Q050=\":443\"; ma=2592000,h3-Q046=\":443\"; ma=2592000,h3-Q043=\":443\"; ma=2592000,quic=\":443\"; ma=2592000; v=\"46,43\"","accept-ranges":"none","transfer-encoding":"chunked"}
[debug] [2021-04-01T08:58:57.590Z] >>> HTTP REQUEST PATCH https://firebasehosting.googleapis.com/v1beta1/sites/bd-food-96fdc/versions/cf5d7df28be03b03?updateMask=status  
 {"status":"FINALIZED"}
[debug] [2021-04-01T08:58:59.167Z] <<< HTTP RESPONSE 200 {"content-type":"application/json; charset=UTF-8","vary":"X-Origin, Referer, Origin,Accept-Encoding","date":"Thu, 01 Apr 2021 08:58:59 GMT","server":"ESF","cache-control":"private","x-xss-protection":"0","x-frame-options":"SAMEORIGIN","x-content-type-options":"nosniff","alt-svc":"h3-29=\":443\"; ma=2592000,h3-T051=\":443\"; ma=2592000,h3-Q050=\":443\"; ma=2592000,h3-Q046=\":443\"; ma=2592000,h3-Q043=\":443\"; ma=2592000,quic=\":443\"; ma=2592000; v=\"46,43\"","accept-ranges":"none","transfer-encoding":"chunked"}
[debug] [2021-04-01T08:58:59.167Z] [hosting] finalized version for bd-food-96fdc: {"name":"sites/bd-food-96fdc/versions/cf5d7df28be03b03","status":"FINALIZED","config":{},"labels":{"deployment-tool":"cli-firebase"},"createTime":"2021-04-01T08:58:52.414407Z","createUser":{"email":"arafin2021@gmail.com"},"finalizeTime":"2021-04-01T08:58:59.185353Z","finalizeUser":{"email":"arafin2021@gmail.com"}}
[info] +  hosting[bd-food-96fdc]: version finalized 
[info] i  hosting[bd-food-96fdc]: releasing new version... 
[debug] [2021-04-01T08:58:59.169Z] >>> HTTP REQUEST POST https://firebasehosting.googleapis.com/v1beta1/sites/bd-food-96fdc/releases?version_name=sites/bd-food-96fdc/versions/cf5d7df28be03b03  
 {"message":null}
[debug] [2021-04-01T08:59:00.753Z] <<< HTTP RESPONSE 200 {"content-type":"application/json; charset=UTF-8","vary":"X-Origin, Referer, Origin,Accept-Encoding","date":"Thu, 01 Apr 2021 08:59:00 GMT","server":"ESF","cache-control":"private","x-xss-protection":"0","x-frame-options":"SAMEORIGIN","x-content-type-options":"nosniff","alt-svc":"h3-29=\":443\"; ma=2592000,h3-T051=\":443\"; ma=2592000,h3-Q050=\":443\"; ma=2592000,h3-Q046=\":443\"; ma=2592000,h3-Q043=\":443\"; ma=2592000,quic=\":443\"; ma=2592000; v=\"46,43\"","accept-ranges":"none","transfer-encoding":"chunked"}
[debug] [2021-04-01T08:59:00.753Z] [hosting] release: {"name":"sites/bd-food-96fdc/releases/1617267540290399","version":{"name":"sites/bd-food-96fdc/versions/cf5d7df28be03b03","status":"FINALIZED","config":{},"labels":{"deployment-tool":"cli-firebase"},"createTime":"2021-04-01T08:58:52.414407Z","createUser":{"email":"arafin2021@gmail.com"},"finalizeTime":"2021-04-01T08:58:59.185353Z","finalizeUser":{"email":"arafin2021@gmail.com"},"preview":{}},"type":"DEPLOY","releaseTime":"2021-04-01T08:59:00.290399974Z","releaseUser":{"email":"arafin2021@gmail.com"}}
[info] +  hosting[bd-food-96fdc]: release complete 
[info] 
[info] +  Deploy complete! 
[info] 
[info] Project Console: https://console.firebase.google.com/project/bd-food-96fdc/overview
[info] Hosting URL: https://bd-food-96fdc.web.app
